<?xml version="1.0" encoding="UTF-8"?>
<!-- Generated by org.testng.reporters.JUnitReportReporter -->
<testsuite hostname="DESKTOP-5U4E5L3" failures="0" tests="2" name="qaclickacademy.Mavenjava.RESTAPITest" time="0.019" errors="0" timestamp="2024-04-15T21:48:33 IST" skipped="0">
  <testcase classname="qaclickacademy.Mavenjava.RESTAPITest" name="postJira" time="0.003"/>
  <testcase classname="qaclickacademy.Mavenjava.RESTAPITest" name="deleteTwitter" time="0.016"/>
</testsuite> <!-- qaclickacademy.Mavenjava.RESTAPITest -->
