<?xml version="1.0" encoding="UTF-8"?>
<!-- Generated by org.testng.reporters.JUnitReportReporter -->
<testsuite hostname="DESKTOP-5U4E5L3" failures="0" tests="2" name="qaclickacademy.Mavenjava.SeleniumTest" time="0.014" errors="0" timestamp="2024-04-15T21:48:33 IST" skipped="0">
  <testcase classname="qaclickacademy.Mavenjava.SeleniumTest" name="browserAutomation" time="0.004"/>
  <testcase classname="qaclickacademy.Mavenjava.SeleniumTest" name="elsementui" time="0.010"/>
</testsuite> <!-- qaclickacademy.Mavenjava.SeleniumTest -->
