<?xml version="1.0" encoding="UTF-8"?>
<!-- Generated by org.testng.reporters.JUnitReportReporter -->
<testsuite hostname="DESKTOP-5U4E5L3" failures="0" tests="2" name="qaclickacademy.Mavenjava.AppiumTest" time="0.012" errors="0" timestamp="2024-04-15T21:48:22 IST" skipped="0">
  <testcase classname="qaclickacademy.Mavenjava.AppiumTest" name="nativeAppAndroid" time="0.002"/>
  <testcase classname="qaclickacademy.Mavenjava.AppiumTest" name="iosApps" time="0.010"/>
</testsuite> <!-- qaclickacademy.Mavenjava.AppiumTest -->
