<?xml version="1.0" encoding="UTF-8"?>
<!-- Generated by org.testng.reporters.JUnitReportReporter -->
<testsuite hostname="DESKTOP-5U4E5L3" failures="0" tests="2" name="qaclickacademy.Mavenjava.AppiumTest" time="0.001" errors="0" timestamp="2024-03-28T02:34:25 IST" skipped="0">
  <testcase classname="qaclickacademy.Mavenjava.AppiumTest" name="iosApps" time="0.001"/>
  <system-out/>
  <testcase classname="qaclickacademy.Mavenjava.AppiumTest" name="nativeAppAndroid" time="0.000"/>
  <system-out/>
</testsuite> <!-- qaclickacademy.Mavenjava.AppiumTest -->
